<?xml version="1.0" encoding="UTF-8"?>
<testsuite xmlns:xsi="http://www.w3.org/2001/XMLSchema-instance" xsi:noNamespaceSchemaLocation="https://maven.apache.org/surefire/maven-surefire-plugin/xsd/surefire-test-report.xsd" name="io.fdlessard.liveproject.validate.Milestone1ApplicationTest" time="4.539" tests="2" errors="0" skipped="0" failures="0">
  <properties>
[...]
</properties>
  <testcase name="redirectToAdvicePostTest" classname="io.fdlessard.liveproject.validate.Milestone1ApplicationTest" time="1.187"/>
  <testcase name="redirectToAdvicePostNoAuthTest" classname="io.fdlessard.liveproject.validate.Milestone1ApplicationTest" time="0.006"/>
</testsuite>